0 info it worked if it ends with ok
1 verbose cli [ '/usr/local/n/versions/0.8.14/bin/node',
1 verbose cli   '/usr/local/bin/npm',
1 verbose cli   'publish' ]
2 info using npm@1.1.63
3 info using node@v0.8.14
4 verbose publish [ '.' ]
5 verbose read json /Users/craigcondon/Developer/Public/dref.js/package.json
6 verbose cache add [ '.', null ]
7 silly cache add name=undefined spec="." args=[".",null]
8 verbose parsed url { pathname: '.', path: '.', href: '.' }
9 silly lockFile 3a52ce78- .
10 verbose lock . /var/root/.npm/3a52ce78-.lock
11 verbose read json package.json
12 verbose tar pack [ '/var/root/tmp/npm-66023/1351571679792-0.9427198299672455/tmp.tgz',
12 verbose tar pack   '.' ]
13 verbose tarball /var/root/tmp/npm-66023/1351571679792-0.9427198299672455/tmp.tgz
14 verbose folder .
15 info prepublish dref@0.0.1
16 silly lockFile de4843b4-79792-0-9427198299672455-tmp-tgz /var/root/tmp/npm-66023/1351571679792-0.9427198299672455/tmp.tgz
17 verbose lock /var/root/tmp/npm-66023/1351571679792-0.9427198299672455/tmp.tgz /var/root/.npm/de4843b4-79792-0-9427198299672455-tmp-tgz.lock
18 silly lockFile de4843b4-79792-0-9427198299672455-tmp-tgz /var/root/tmp/npm-66023/1351571679792-0.9427198299672455/tmp.tgz
19 verbose tar unpack /var/root/tmp/npm-66023/1351571679792-0.9427198299672455/tmp.tgz
20 silly lockFile 7b438a92-79792-0-9427198299672455-package /var/root/tmp/npm-66023/1351571679792-0.9427198299672455/package
21 verbose lock /var/root/tmp/npm-66023/1351571679792-0.9427198299672455/package /var/root/.npm/7b438a92-79792-0-9427198299672455-package.lock
22 silly gunzTarPerm modes [ '755', '644' ]
23 silly gunzTarPerm extractEntry package.json
24 silly gunzTarPerm extractEntry README.md
25 silly gunzTarPerm extractEntry examples/test1.js
26 silly gunzTarPerm extractEntry lib/index.js
27 verbose read json /var/root/tmp/npm-66023/1351571679792-0.9427198299672455/package/package.json
28 silly lockFile 7b438a92-79792-0-9427198299672455-package /var/root/tmp/npm-66023/1351571679792-0.9427198299672455/package
29 verbose from cache /var/root/tmp/npm-66023/1351571679792-0.9427198299672455/package/package.json
30 verbose tar pack [ '/var/root/.npm/dref/0.0.1/package.tgz',
30 verbose tar pack   '/var/root/tmp/npm-66023/1351571679792-0.9427198299672455/package' ]
31 verbose tarball /var/root/.npm/dref/0.0.1/package.tgz
32 verbose folder /var/root/tmp/npm-66023/1351571679792-0.9427198299672455/package
33 silly lockFile dfc7651c--root-npm-dref-0-0-1-package-tgz /var/root/.npm/dref/0.0.1/package.tgz
34 verbose lock /var/root/.npm/dref/0.0.1/package.tgz /var/root/.npm/dfc7651c--root-npm-dref-0-0-1-package-tgz.lock
35 silly lockFile dfc7651c--root-npm-dref-0-0-1-package-tgz /var/root/.npm/dref/0.0.1/package.tgz
36 silly lockFile 417a4381-var-root-npm-dref-0-0-1-package /var/root/.npm/dref/0.0.1/package
37 verbose lock /var/root/.npm/dref/0.0.1/package /var/root/.npm/417a4381-var-root-npm-dref-0-0-1-package.lock
38 silly lockFile 417a4381-var-root-npm-dref-0-0-1-package /var/root/.npm/dref/0.0.1/package
39 verbose tar unpack /var/root/.npm/dref/0.0.1/package.tgz
40 silly lockFile 417a4381-var-root-npm-dref-0-0-1-package /var/root/.npm/dref/0.0.1/package
41 verbose lock /var/root/.npm/dref/0.0.1/package /var/root/.npm/417a4381-var-root-npm-dref-0-0-1-package.lock
42 silly gunzTarPerm modes [ '755', '644' ]
43 silly gunzTarPerm extractEntry package.json
44 silly gunzTarPerm extractEntry README.md
45 silly gunzTarPerm extractEntry examples/test1.js
46 silly gunzTarPerm extractEntry lib/index.js
47 verbose read json /var/root/.npm/dref/0.0.1/package/package.json
48 silly lockFile 417a4381-var-root-npm-dref-0-0-1-package /var/root/.npm/dref/0.0.1/package
49 silly shasum updated bytes 1199
50 info shasum 3a9d03c70a4510f4d2618165c9006362a66d7f2e
50 info shasum /var/root/.npm/dref/0.0.1/package.tgz
51 verbose from cache /var/root/.npm/dref/0.0.1/package/package.json
52 verbose chmod /var/root/.npm/dref/0.0.1/package.tgz 644
53 verbose chown /var/root/.npm/dref/0.0.1/package.tgz [ 0, 0 ]
54 silly lockFile 3a52ce78- .
55 silly publish { author: { name: 'Craig Condon' },
55 silly publish   name: 'dref',
55 silly publish   description: 'deep object refs',
55 silly publish   version: '0.0.1',
55 silly publish   repository: { type: 'git', url: 'git://github.com/crcn/dref.js.git' },
55 silly publish   main: './lib/index.js',
55 silly publish   dependencies: {},
55 silly publish   devDependencies: {},
55 silly publish   readme: '### Features\n\n- Ability to deep reference an object\n- Ability to scan arrays, and return an array of values, e.g, `users.$.name`.\n\n\n### Usage\n\n```javascript\n\nvar dref = require("dref");\n\nvar target = [\n\t{\n\t\tname: "Craig", \n\t\tlocation: {\n\t\t\tcity: "minneapolis"\n\t\t}\n\t},\n\t{\n\t\tname: "Tim", \n\t\tlocation: {\n\t\t\tcity: "St. Paul"\n\t\t}\n\t}\n];\n\n\nconsole.log(dref.get(target, \'$.name\')); //["Craig", "Tim"]\nconsole.log(dref.get(target, \'$.location.city\')); //["Minneapolis", "St. Paul"]\ndref.set(target, \'$.name\', "BLAH");\nconsole.log(dref.get(target, \'$.name\')); //["BLAH", "BLAH"]\n```\n',
55 silly publish   _id: 'dref@0.0.1',
55 silly publish   dist: { shasum: '3a9d03c70a4510f4d2618165c9006362a66d7f2e' } }
56 verbose url raw dref
57 verbose url resolving [ 'https://registry.npmjs.org/', './dref' ]
58 verbose url resolved https://registry.npmjs.org/dref
59 info trying registry request attempt 1 at 23:34:39
60 http PUT https://registry.npmjs.org/dref
61 http 409 https://registry.npmjs.org/dref
62 verbose url raw dref
63 verbose url resolving [ 'https://registry.npmjs.org/', './dref' ]
64 verbose url resolved https://registry.npmjs.org/dref
65 info trying registry request attempt 1 at 23:34:40
66 http GET https://registry.npmjs.org/dref
67 http 200 https://registry.npmjs.org/dref
68 error publish fail Cannot publish over existing version.
68 error publish fail Bump the 'version' field, set the --force flag, or
68 error publish fail     npm unpublish 'dref@0.0.1'
68 error publish fail and try again
69 error System Darwin 10.7.0
70 error command "/usr/local/n/versions/0.8.14/bin/node" "/usr/local/bin/npm" "publish"
71 error cwd /Users/craigcondon/Developer/Public/dref.js
72 error node -v v0.8.14
73 error npm -v 1.1.63
74 error code EPUBLISHCONFLICT
75 verbose exit [ 1, true ]
